yus@vbox:~/allwinner/debian/bootstrap_wheezy$ sudo debootstrap --verbose --arch armhf --variant=minbase --include=task-lxde-desktop,sudo,minicom,usbutils,udev,kmod,wicd,build-essential,xorg-dev,xutils-dev,x11proto-dri2-dev,libltdl-dev,libtool,automake,libdrm-dev,guvcview,cmake,pkg-config,libgtk2.0-dev,python-dev,python-numpy,libpng12-dev,libpng++-dev,libpng3,libpnglite-dev,zlib1g-dev,pngtools,libjasper-dev,libjasper-runtime,libjasper1,libjpeg8-dev,libjpeg-progs,libtiff5-dev,libtiff-tools,ffmpeg,libavcodec-dev,libavformat-dev,libswscale-dev,openexr,libopenexr-dev,libgstreamer0.10-dev,libgstreamer-plugins-base0.10-dev,libxine1-ffmpeg,libxine-dev,libunicap2-dev,libeigen2-dev,libv4l-dev,v4l-utils,libgtkglext1-dev,swig,bzip2,localepurge --foreign wheezy bootstrap_wheezy http://ftp.debian.org/debian 2>&1 | tee bootstrap_wheezy_lxde_armhf.log

I: Retrieving Release
W: Cannot check Release signature; keyring file not available /usr/share/keyrings/debian-archive-keyring.gpg
I: Retrieving Packages
I: Validating Packages
I: Resolving dependencies of required packages...
I: Resolving dependencies of base packages...
I: Found additional required dependencies: insserv libbz2-1.0 libdb5.1 libsemanage-common libsemanage1 libslang2 libustr-1.0-1 
I: Found additional base dependencies: adduser autoconf autotools-dev binutils cmake-data consolekit cpp cpp-4.6 dbus dconf-gsettings-backend dconf-service debian-archive-keyring desktop-base desktop-file-utils dhcpcd dpkg-dev emacsen-common file fontconfig fontconfig-config freeglut3 g++ g++-4.6 galculator gcc gcc-4.6 gcc-4.6-base gir1.2-atk-1.0 gir1.2-freedesktop gir1.2-gdkpixbuf-2.0 gir1.2-glib-2.0 gir1.2-gst-plugins-base-0.10 gir1.2-gstreamer-0.10 gir1.2-pango-1.0 gnupg gpgv gpicview iputils-ping iso-codes keyboard-configuration leafpad libapt-pkg4.12 libarchive12 libasound2 libasyncns0 libatk1.0-0 libatk1.0-data libatk1.0-dev libaudit0 libav-tools libavahi-client3 libavahi-common-data libavahi-common3 libavcodec53 libavdevice53 libavfilter2 libavformat53 libavutil-dev libavutil51 libblas3 libc-dev-bin libc6-dev libcaca0 libcairo-gobject2 libcairo-script-interpreter2 libcairo2 libcairo2-dev libcap2 libcdio-cdda1 libcdio-paranoia1 libcdio13 libck-connector0 libclass-isa-perl libcolord1 libcroco3 libcups2 libcurl3 libcurl3-gnutls libdatrie1 libdbus-1-3 libdbus-glib-1-2 libdc1394-22 libdconf0 libdirac-encoder0 libdirectfb-1.2-9 libdmx-dev libdmx1 libdpkg-perl libdrm-nouveau1a libdrm-omap1 libdrm-radeon1 libdrm2 libelf1 libexpat1 libexpat1-dev libfaad2 libffi5 libflac8 libfm-data libfm-gtk-bin libfm-gtk1 libfm1 libfontconfig1 libfontconfig1-dev libfontenc-dev libfontenc1 libfreetype6 libfreetype6-dev libfs-dev libfs6 libgcrypt11 libgdbm3 libgdk-pixbuf2.0-0 libgdk-pixbuf2.0-common libgdk-pixbuf2.0-dev libgfortran3 libgif4 libgirepository-1.0-1 libgl1-mesa-dev libgl1-mesa-dri libgl1-mesa-glx libglade2-0 libglapi-mesa libglib2.0-0 libglib2.0-bin libglib2.0-data libglib2.0-dev libglu1-mesa libglu1-mesa-dev libgmp10 libgnutls26 libgomp1 libgpg-error0 libgsm1 libgssapi-krb5-2 libgstreamer-plugins-base0.10-0 libgstreamer0.10-0 libgtk-3-0 libgtk-3-common libgtk2.0-0 libgtk2.0-common libgtkglext1 libice-dev libice6 libid3tag0 libidn11 libilmbase-dev libilmbase6 libimlib2 libiw30 libjack-jackd2-0 libjbig-dev libjbig0 libjpeg8 libjson0 libk5crypto3 libkeyutils1 libkmod2 libkms1 libkrb5-3 libkrb5support0 liblapack3 liblcms2-2 libldap-2.4-2 liblightdm-gobject-1-0 libltdl7 liblzma-dev libmad0 libmagic1 libmenu-cache1 libmp3lame0 libmpc2 libmpfr4 libmtdev1 libncursesw5 libnettle4 libnl-3-200 libnl-genl-3-200 libobrender27 libobt0 libogg0 libopencv-core2.3 libopencv-imgproc2.3 libopenexr6 libopenjpeg2 liborc-0.4-0 libp11-kit0 libpango1.0-0 libpango1.0-dev libpciaccess-dev libpciaccess0 libpcre3 libpcre3-dev libpcrecpp0 libpcsclite1 libpixman-1-0 libpixman-1-dev libpng12-0 libpolkit-gobject-1-0 libpopt0 libportaudio2 libpostproc52 libprocps0 libpthread-stubs0 libpthread-stubs0-dev libpulse0 libpython2.7 libraw1394-11 libreadline5 libreadline6 librsvg2-2 librsvg2-common librtmp0 libsamplerate0 libsasl2-2 libschroedinger-1.0-0 libsdl1.2debian libsm-dev libsm6 libsndfile1 libspeex1 libsqlite3-0 libssh2-1 libssl-dev libssl1.0.0 libstartup-notification0 libstdc++6 libstdc++6-4.6-dev libswitch-perl libswscale2 libsystemd-login0 libtasn1-3 libthai-data libthai0 libtheora0 libtiff4 libtiff5 libtiffxx5 libtimedate-perl libts-0.0-0 libudev0 libunicap2 libusb-0.1-4 libusb-1.0-0 libutempter0 libv4l-0 libv4lconvert0 libva1 libvorbis0a libvorbisenc2 libvpx1 libvte-common libvte9 libwnck-common libwnck22 libwrap0 libx11-6 libx11-data libx11-dev libx11-xcb1 libx264-123 libxau-dev libxau6 libxaw7 libxaw7-dev libxcb-glx0 libxcb-render0 libxcb-render0-dev libxcb-shape0 libxcb-shm0 libxcb-shm0-dev libxcb-util0 libxcb1 libxcb1-dev libxcomposite-dev libxcomposite1 libxcursor-dev libxcursor1 libxdamage-dev libxdamage1 libxdmcp-dev libxdmcp6 libxext-dev libxext6 libxfixes-dev libxfixes3 libxfont-dev libxfont1 libxft-dev libxft2 libxi-dev libxi6 libxine1-bin libxinerama-dev libxinerama1 libxkbfile-dev libxkbfile1 libxklavier16 libxml2 libxml2-dev libxml2-utils libxmlrpc-core-c3 libxmu-dev libxmu-headers libxmu6 libxmuu-dev libxmuu1 libxpm-dev libxpm4 libxrandr-dev libxrandr2 libxrender-dev libxrender1 libxres-dev libxres1 libxss-dev libxss1 libxt-dev libxt6 libxtst-dev libxtst6 libxv-dev libxv1 libxvidcore4 libxvmc-dev libxvmc1 libxxf86dga-dev libxxf86dga1 libxxf86vm-dev libxxf86vm1 lightdm lightdm-gtk-greeter linux-libc-dev locales lxappearance lxde lxde-common lxde-core lxde-icon-theme lxinput lxmenu-data lxpanel lxrandr lxsession lxsession-edit lxshortcut lxterminal m4 make menu mesa-common-dev mime-support net-tools obconf openbox patch pcmanfm perl perl-modules procps psmisc python python-cairo python-dbus python-dbus-dev python-gi python-glade2 python-gobject python-gobject-2 python-gtk2 python-minimal python-support python-wicd python2.7 python2.7-dev python2.7-minimal readline-common shared-mime-info swig2.0 task-desktop tasksel tasksel-data tsconf ttf-dejavu-core ucf wicd-daemon wicd-gtk wireless-tools wpasupplicant x11-apps x11-common x11-session-utils x11-utils x11-xfs-utils x11-xkb-utils x11-xserver-utils x11proto-bigreqs-dev x11proto-composite-dev x11proto-core-dev x11proto-damage-dev x11proto-dmx-dev x11proto-fixes-dev x11proto-fonts-dev x11proto-gl-dev x11proto-input-dev x11proto-kb-dev x11proto-randr-dev x11proto-record-dev x11proto-render-dev x11proto-resource-dev x11proto-scrnsaver-dev x11proto-video-dev x11proto-xcmisc-dev x11proto-xext-dev x11proto-xf86bigfont-dev x11proto-xf86dga-dev x11proto-xf86dri-dev x11proto-xf86vidmode-dev x11proto-xinerama-dev xarchiver xauth xbitmaps xfonts-100dpi xfonts-75dpi xfonts-base xfonts-encodings xfonts-scalable xfonts-utils xinit xkb-data xorg xorg-docs-core xorg-sgml-doctools xserver-common xserver-xorg xserver-xorg-core xserver-xorg-dev xserver-xorg-input-all xserver-xorg-input-evdev xserver-xorg-input-synaptics xserver-xorg-video-all xserver-xorg-video-ati xserver-xorg-video-fbdev xserver-xorg-video-mach64 xserver-xorg-video-nouveau xserver-xorg-video-r128 xserver-xorg-video-radeon xserver-xorg-video-vesa xterm xtrans-dev 
I: Checking component main on http://ftp.debian.org/debian...
I: Retrieving libacl1
I: Validating libacl1
I: Retrieving adduser
I: Validating adduser
I: Retrieving libasound2
I: Validating libasound2
I: Retrieving apt
I: Validating apt
I: Retrieving libapt-pkg4.12
I: Validating libapt-pkg4.12
I: Retrieving gir1.2-atk-1.0
I: Validating gir1.2-atk-1.0
I: Retrieving libatk1.0-0
I: Validating libatk1.0-0
I: Retrieving libatk1.0-data
I: Validating libatk1.0-data
I: Retrieving libatk1.0-dev
I: Validating libatk1.0-dev
I: Retrieving libattr1
I: Validating libattr1
I: Retrieving libaudit0
I: Validating libaudit0
I: Retrieving autoconf
I: Validating autoconf
I: Retrieving automake
I: Validating automake
I: Retrieving autotools-dev
I: Validating autotools-dev
I: Retrieving libavahi-client3
I: Validating libavahi-client3
I: Retrieving libavahi-common-data
I: Validating libavahi-common-data
I: Retrieving libavahi-common3
I: Validating libavahi-common3
I: Retrieving base-files
I: Validating base-files
I: Retrieving base-passwd
I: Validating base-passwd
I: Retrieving bash
I: Validating bash
I: Retrieving binutils
I: Validating binutils
I: Retrieving libblas3
I: Validating libblas3
I: Retrieving build-essential
I: Validating build-essential
I: Retrieving bzip2
I: Validating bzip2
I: Retrieving libbz2-1.0
I: Validating libbz2-1.0
I: Retrieving libcairo-gobject2
I: Validating libcairo-gobject2
I: Retrieving libcairo-script-interpreter2
I: Validating libcairo-script-interpreter2
I: Retrieving libcairo2
I: Validating libcairo2
I: Retrieving libcairo2-dev
I: Validating libcairo2-dev
I: Retrieving cmake
I: Validating cmake
I: Retrieving cmake-data
I: Validating cmake-data
I: Retrieving libcolord1
I: Validating libcolord1
I: Retrieving keyboard-configuration
I: Validating keyboard-configuration
I: Retrieving consolekit
I: Validating consolekit
I: Retrieving libck-connector0
I: Validating libck-connector0
I: Retrieving coreutils
I: Validating coreutils
I: Retrieving libcups2
I: Validating libcups2
I: Retrieving libcurl3
I: Validating libcurl3
I: Retrieving libcurl3-gnutls
I: Validating libcurl3-gnutls
I: Retrieving libsasl2-2
I: Validating libsasl2-2
I: Retrieving dconf-gsettings-backend
I: Validating dconf-gsettings-backend
I: Retrieving dconf-service
I: Validating dconf-service
I: Retrieving libdconf0
I: Validating libdconf0
I: Retrieving dash
I: Validating dash
I: Retrieving libdb5.1
I: Validating libdb5.1
I: Retrieving dbus
I: Validating dbus
I: Retrieving libdbus-1-3
I: Validating libdbus-1-3
I: Retrieving libdbus-glib-1-2
I: Validating libdbus-glib-1-2
I: Retrieving python-dbus
I: Validating python-dbus
I: Retrieving python-dbus-dev
I: Validating python-dbus-dev
I: Retrieving debconf
I: Validating debconf
I: Retrieving debconf-i18n
I: Validating debconf-i18n
I: Retrieving debian-archive-keyring
I: Validating debian-archive-keyring
I: Retrieving debianutils
I: Validating debianutils
I: Retrieving desktop-base
I: Validating desktop-base
I: Retrieving desktop-file-utils
I: Validating desktop-file-utils
I: Retrieving dhcpcd
I: Validating dhcpcd
I: Retrieving diffutils
I: Validating diffutils
I: Retrieving libdirac-encoder0
I: Validating libdirac-encoder0
I: Retrieving libdirectfb-1.2-9
I: Validating libdirectfb-1.2-9
I: Retrieving dpkg
I: Validating dpkg
I: Retrieving dpkg-dev
I: Validating dpkg-dev
I: Retrieving libdpkg-perl
I: Validating libdpkg-perl
I: Retrieving e2fslibs
I: Validating e2fslibs
I: Retrieving e2fsprogs
I: Validating e2fsprogs
I: Retrieving libcomerr2
I: Validating libcomerr2
I: Retrieving libss2
I: Validating libss2
I: Retrieving libc-bin
I: Validating libc-bin
I: Retrieving libc-dev-bin
I: Validating libc-dev-bin
I: Retrieving libc6
I: Validating libc6
I: Retrieving libc6-dev
I: Validating libc6-dev
I: Retrieving locales
I: Validating locales
I: Retrieving multiarch-support
I: Validating multiarch-support
I: Retrieving libeigen2-dev
I: Validating libeigen2-dev
I: Retrieving libelf1
I: Validating libelf1
I: Retrieving emacsen-common
I: Validating emacsen-common
I: Retrieving libexpat1
I: Validating libexpat1
I: Retrieving libexpat1-dev
I: Validating libexpat1-dev
I: Retrieving libfaad2
I: Validating libfaad2
I: Retrieving file
I: Validating file
I: Retrieving libmagic1
I: Validating libmagic1
I: Retrieving findutils
I: Validating findutils
I: Retrieving libflac8
I: Validating libflac8
I: Retrieving fontconfig
I: Validating fontconfig
I: Retrieving fontconfig-config
I: Validating fontconfig-config
I: Retrieving libfontconfig1
I: Validating libfontconfig1
I: Retrieving libfontconfig1-dev
I: Validating libfontconfig1-dev
I: Retrieving freeglut3
I: Validating freeglut3
I: Retrieving libfreetype6
I: Validating libfreetype6
I: Retrieving libfreetype6-dev
I: Validating libfreetype6-dev
I: Retrieving galculator
I: Validating galculator
I: Retrieving cpp-4.6
I: Validating cpp-4.6
I: Retrieving g++-4.6
I: Validating g++-4.6
I: Retrieving gcc-4.6
I: Validating gcc-4.6
I: Retrieving gcc-4.6-base
I: Validating gcc-4.6-base
I: Retrieving libstdc++6-4.6-dev
I: Validating libstdc++6-4.6-dev
I: Retrieving gcc-4.7-base
I: Validating gcc-4.7-base
I: Retrieving libgcc1
I: Validating libgcc1
I: Retrieving libgfortran3
I: Validating libgfortran3
I: Retrieving libgomp1
I: Validating libgomp1
I: Retrieving libstdc++6
I: Validating libstdc++6
I: Retrieving cpp
I: Validating cpp
I: Retrieving g++
I: Validating g++
I: Retrieving gcc
I: Validating gcc
I: Retrieving libgdbm3
I: Validating libgdbm3
I: Retrieving gir1.2-gdkpixbuf-2.0
I: Validating gir1.2-gdkpixbuf-2.0
I: Retrieving libgdk-pixbuf2.0-0
I: Validating libgdk-pixbuf2.0-0
I: Retrieving libgdk-pixbuf2.0-common
I: Validating libgdk-pixbuf2.0-common
I: Retrieving libgdk-pixbuf2.0-dev
I: Validating libgdk-pixbuf2.0-dev
I: Retrieving libgif4
I: Validating libgif4
I: Retrieving libglib2.0-0
I: Validating libglib2.0-0
I: Retrieving libglib2.0-bin
I: Validating libglib2.0-bin
I: Retrieving libglib2.0-data
I: Validating libglib2.0-data
I: Retrieving libglib2.0-dev
I: Validating libglib2.0-dev
I: Retrieving libgmp10
I: Validating libgmp10
I: Retrieving gnupg
I: Validating gnupg
I: Retrieving gpgv
I: Validating gpgv
I: Retrieving libgnutls26
I: Validating libgnutls26
I: Retrieving gir1.2-freedesktop
I: Validating gir1.2-freedesktop
I: Retrieving gir1.2-glib-2.0
I: Validating gir1.2-glib-2.0
I: Retrieving libgirepository-1.0-1
I: Validating libgirepository-1.0-1
I: Retrieving gpicview
I: Validating gpicview
I: Retrieving grep
I: Validating grep
I: Retrieving gir1.2-gst-plugins-base-0.10
I: Validating gir1.2-gst-plugins-base-0.10
I: Retrieving libgstreamer-plugins-base0.10-0
I: Validating libgstreamer-plugins-base0.10-0
I: Retrieving libgstreamer-plugins-base0.10-dev
I: Validating libgstreamer-plugins-base0.10-dev
I: Retrieving gir1.2-gstreamer-0.10
I: Validating gir1.2-gstreamer-0.10
I: Retrieving libgstreamer0.10-0
I: Validating libgstreamer0.10-0
I: Retrieving libgstreamer0.10-dev
I: Validating libgstreamer0.10-dev
I: Retrieving libgtk2.0-0
I: Validating libgtk2.0-0
I: Retrieving libgtk2.0-common
I: Validating libgtk2.0-common
I: Retrieving libgtk2.0-dev
I: Validating libgtk2.0-dev
I: Retrieving libgtk-3-0
I: Validating libgtk-3-0
I: Retrieving libgtk-3-common
I: Validating libgtk-3-common
I: Retrieving libgtkglext1
I: Validating libgtkglext1
I: Retrieving libgtkglext1-dev
I: Validating libgtkglext1-dev
I: Retrieving guvcview
I: Validating guvcview
I: Retrieving gzip
I: Validating gzip
I: Retrieving hostname
I: Validating hostname
I: Retrieving libilmbase-dev
I: Validating libilmbase-dev
I: Retrieving libilmbase6
I: Validating libilmbase6
I: Retrieving libimlib2
I: Validating libimlib2
I: Retrieving insserv
I: Validating insserv
I: Retrieving iputils-ping
I: Validating iputils-ping
I: Retrieving iso-codes
I: Validating iso-codes
I: Retrieving libjack-jackd2-0
I: Validating libjack-jackd2-0
I: Retrieving libjasper-dev
I: Validating libjasper-dev
I: Retrieving libjasper-runtime
I: Validating libjasper-runtime
I: Retrieving libjasper1
I: Validating libjasper1
I: Retrieving libjbig-dev
I: Validating libjbig-dev
I: Retrieving libjbig0
I: Validating libjbig0
I: Retrieving libjson0
I: Validating libjson0
I: Retrieving libkeyutils1
I: Validating libkeyutils1
I: Retrieving kmod
I: Validating kmod
I: Retrieving libkmod2
I: Validating libkmod2
I: Retrieving libgssapi-krb5-2
I: Validating libgssapi-krb5-2
I: Retrieving libk5crypto3
I: Validating libk5crypto3
I: Retrieving libkrb5-3
I: Validating libkrb5-3
I: Retrieving libkrb5support0
I: Validating libkrb5support0
I: Retrieving libmp3lame0
I: Validating libmp3lame0
I: Retrieving liblapack3
I: Validating liblapack3
I: Retrieving liblcms2-2
I: Validating liblcms2-2
I: Retrieving leafpad
I: Validating leafpad
I: Retrieving libarchive12
I: Validating libarchive12
I: Retrieving libasyncns0
I: Validating libasyncns0
I: Retrieving ffmpeg
I: Validating ffmpeg
I: Retrieving libav-tools
I: Validating libav-tools
I: Retrieving libavcodec-dev
I: Validating libavcodec-dev
I: Retrieving libavcodec53
I: Validating libavcodec53
I: Retrieving libavdevice53
I: Validating libavdevice53
I: Retrieving libavfilter2
I: Validating libavfilter2
I: Retrieving libavformat-dev
I: Validating libavformat-dev
I: Retrieving libavformat53
I: Validating libavformat53
I: Retrieving libavutil-dev
I: Validating libavutil-dev
I: Retrieving libavutil51
I: Validating libavutil51
I: Retrieving libpostproc52
I: Validating libpostproc52
I: Retrieving libswscale-dev
I: Validating libswscale-dev
I: Retrieving libswscale2
I: Validating libswscale2
I: Retrieving libcaca0
I: Validating libcaca0
I: Retrieving libcap2
I: Validating libcap2
I: Retrieving libcdio-cdda1
I: Validating libcdio-cdda1
I: Retrieving libcdio-paranoia1
I: Validating libcdio-paranoia1
I: Retrieving libcdio13
I: Validating libcdio13
I: Retrieving libclass-isa-perl
I: Validating libclass-isa-perl
I: Retrieving libcroco3
I: Validating libcroco3
I: Retrieving libdatrie1
I: Validating libdatrie1
I: Retrieving libdc1394-22
I: Validating libdc1394-22
I: Retrieving libdmx-dev
I: Validating libdmx-dev
I: Retrieving libdmx1
I: Validating libdmx1
I: Retrieving libdrm-dev
I: Validating libdrm-dev
I: Retrieving libdrm-nouveau1a
I: Validating libdrm-nouveau1a
I: Retrieving libdrm-omap1
I: Validating libdrm-omap1
I: Retrieving libdrm-radeon1
I: Validating libdrm-radeon1
I: Retrieving libdrm2
I: Validating libdrm2
I: Retrieving libkms1
I: Validating libkms1
I: Retrieving libffi5
I: Validating libffi5
I: Retrieving libfm-data
I: Validating libfm-data
I: Retrieving libfm-gtk-bin
I: Validating libfm-gtk-bin
I: Retrieving libfm-gtk1
I: Validating libfm-gtk1
I: Retrieving libfm1
I: Validating libfm1
I: Retrieving libfontenc-dev
I: Validating libfontenc-dev
I: Retrieving libfontenc1
I: Validating libfontenc1
I: Retrieving libfs-dev
I: Validating libfs-dev
I: Retrieving libfs6
I: Validating libfs6
I: Retrieving libgcrypt11
I: Validating libgcrypt11
I: Retrieving libglade2-0
I: Validating libglade2-0
I: Retrieving libgpg-error0
I: Validating libgpg-error0
I: Retrieving libgsm1
I: Validating libgsm1
I: Retrieving libice-dev
I: Validating libice-dev
I: Retrieving libice6
I: Validating libice6
I: Retrieving libid3tag0
I: Validating libid3tag0
I: Retrieving libidn11
I: Validating libidn11
I: Retrieving libjpeg-progs
I: Validating libjpeg-progs
I: Retrieving libjpeg8
I: Validating libjpeg8
I: Retrieving libjpeg8-dev
I: Validating libjpeg8-dev
I: Retrieving liblocale-gettext-perl
I: Validating liblocale-gettext-perl
I: Retrieving libmad0
I: Validating libmad0
I: Retrieving libnl-3-200
I: Validating libnl-3-200
I: Retrieving libnl-genl-3-200
I: Validating libnl-genl-3-200
I: Retrieving libogg0
I: Validating libogg0
I: Retrieving libpciaccess-dev
I: Validating libpciaccess-dev
I: Retrieving libpciaccess0
I: Validating libpciaccess0
I: Retrieving libpng12-0
I: Validating libpng12-0
I: Retrieving libpng12-dev
I: Validating libpng12-dev
I: Retrieving libpng3
I: Validating libpng3
I: Retrieving libpthread-stubs0
I: Validating libpthread-stubs0
I: Retrieving libpthread-stubs0-dev
I: Validating libpthread-stubs0-dev
I: Retrieving libraw1394-11
I: Validating libraw1394-11
I: Retrieving librsvg2-2
I: Validating librsvg2-2
I: Retrieving librsvg2-common
I: Validating librsvg2-common
I: Retrieving libsamplerate0
I: Validating libsamplerate0
I: Retrieving libsdl1.2debian
I: Validating libsdl1.2debian
I: Retrieving libselinux1
I: Validating libselinux1
I: Retrieving libsemanage-common
I: Validating libsemanage-common
I: Retrieving libsemanage1
I: Validating libsemanage1
I: Retrieving libsepol1
I: Validating libsepol1
I: Retrieving libsm-dev
I: Validating libsm-dev
I: Retrieving libsm6
I: Validating libsm6
I: Retrieving libsndfile1
I: Validating libsndfile1
I: Retrieving libssh2-1
I: Validating libssh2-1
I: Retrieving libswitch-perl
I: Validating libswitch-perl
I: Retrieving libtasn1-3
I: Validating libtasn1-3
I: Retrieving libtext-charwidth-perl
I: Validating libtext-charwidth-perl
I: Retrieving libtext-iconv-perl
I: Validating libtext-iconv-perl
I: Retrieving libtext-wrapi18n-perl
I: Validating libtext-wrapi18n-perl
I: Retrieving libthai-data
I: Validating libthai-data
I: Retrieving libthai0
I: Validating libthai0
I: Retrieving libtheora0
I: Validating libtheora0
I: Retrieving libtimedate-perl
I: Validating libtimedate-perl
I: Retrieving libltdl-dev
I: Validating libltdl-dev
I: Retrieving libltdl7
I: Validating libltdl7
I: Retrieving libtool
I: Validating libtool
I: Retrieving libusb-0.1-4
I: Validating libusb-0.1-4
I: Retrieving libusb-1.0-0
I: Validating libusb-1.0-0
I: Retrieving libutempter0
I: Validating libutempter0
I: Retrieving libva1
I: Validating libva1
I: Retrieving libvorbis0a
I: Validating libvorbis0a
I: Retrieving libvorbisenc2
I: Validating libvorbisenc2
I: Retrieving libvpx1
I: Validating libvpx1
I: Retrieving libwnck-common
I: Validating libwnck-common
I: Retrieving libwnck22
I: Validating libwnck22
I: Retrieving libx11-6
I: Validating libx11-6
I: Retrieving libx11-data
I: Validating libx11-data
I: Retrieving libx11-dev
I: Validating libx11-dev
I: Retrieving libx11-xcb1
I: Validating libx11-xcb1
I: Retrieving libxau-dev
I: Validating libxau-dev
I: Retrieving libxau6
I: Validating libxau6
I: Retrieving libxaw7
I: Validating libxaw7
I: Retrieving libxaw7-dev
I: Validating libxaw7-dev
I: Retrieving libxcb-glx0
I: Validating libxcb-glx0
I: Retrieving libxcb-render0
I: Validating libxcb-render0
I: Retrieving libxcb-render0-dev
I: Validating libxcb-render0-dev
I: Retrieving libxcb-shape0
I: Validating libxcb-shape0
I: Retrieving libxcb-shm0
I: Validating libxcb-shm0
I: Retrieving libxcb-shm0-dev
I: Validating libxcb-shm0-dev
I: Retrieving libxcb1
I: Validating libxcb1
I: Retrieving libxcb1-dev
I: Validating libxcb1-dev
I: Retrieving libxcomposite-dev
I: Validating libxcomposite-dev
I: Retrieving libxcomposite1
I: Validating libxcomposite1
I: Retrieving libxcursor-dev
I: Validating libxcursor-dev
I: Retrieving libxcursor1
I: Validating libxcursor1
I: Retrieving libxdamage-dev
I: Validating libxdamage-dev
I: Retrieving libxdamage1
I: Validating libxdamage1
I: Retrieving libxdmcp-dev
I: Validating libxdmcp-dev
I: Retrieving libxdmcp6
I: Validating libxdmcp6
I: Retrieving libxext-dev
I: Validating libxext-dev
I: Retrieving libxext6
I: Validating libxext6
I: Retrieving libxfixes-dev
I: Validating libxfixes-dev
I: Retrieving libxfixes3
I: Validating libxfixes3
I: Retrieving libxfont-dev
I: Validating libxfont-dev
I: Retrieving libxfont1
I: Validating libxfont1
I: Retrieving libxi-dev
I: Validating libxi-dev
I: Retrieving libxi6
I: Validating libxi6
I: Retrieving libxinerama-dev
I: Validating libxinerama-dev
I: Retrieving libxinerama1
I: Validating libxinerama1
I: Retrieving libxkbfile-dev
I: Validating libxkbfile-dev
I: Retrieving libxkbfile1
I: Validating libxkbfile1
I: Retrieving libxklavier16
I: Validating libxklavier16
I: Retrieving libxml2
I: Validating libxml2
I: Retrieving libxml2-dev
I: Validating libxml2-dev
I: Retrieving libxml2-utils
I: Validating libxml2-utils
I: Retrieving libxmu-dev
I: Validating libxmu-dev
I: Retrieving libxmu-headers
I: Validating libxmu-headers
I: Retrieving libxmu6
I: Validating libxmu6
I: Retrieving libxmuu-dev
I: Validating libxmuu-dev
I: Retrieving libxmuu1
I: Validating libxmuu1
I: Retrieving libxpm-dev
I: Validating libxpm-dev
I: Retrieving libxpm4
I: Validating libxpm4
I: Retrieving libxrandr-dev
I: Validating libxrandr-dev
I: Retrieving libxrandr2
I: Validating libxrandr2
I: Retrieving libxrender-dev
I: Validating libxrender-dev
I: Retrieving libxrender1
I: Validating libxrender1
I: Retrieving libxres-dev
I: Validating libxres-dev
I: Retrieving libxres1
I: Validating libxres1
I: Retrieving libxss-dev
I: Validating libxss-dev
I: Retrieving libxss1
I: Validating libxss1
I: Retrieving libxt-dev
I: Validating libxt-dev
I: Retrieving libxt6
I: Validating libxt6
I: Retrieving libxtst-dev
I: Validating libxtst-dev
I: Retrieving libxtst6
I: Validating libxtst6
I: Retrieving libxv-dev
I: Validating libxv-dev
I: Retrieving libxv1
I: Validating libxv1
I: Retrieving libxvmc-dev
I: Validating libxvmc-dev
I: Retrieving libxvmc1
I: Validating libxvmc1
I: Retrieving libxxf86dga-dev
I: Validating libxxf86dga-dev
I: Retrieving libxxf86dga1
I: Validating libxxf86dga1
I: Retrieving libxxf86vm-dev
I: Validating libxxf86vm-dev
I: Retrieving libxxf86vm1
I: Validating libxxf86vm1
I: Retrieving liblightdm-gobject-1-0
I: Validating liblightdm-gobject-1-0
I: Retrieving lightdm
I: Validating lightdm
I: Retrieving lightdm-gtk-greeter
I: Validating lightdm-gtk-greeter
I: Retrieving linux-libc-dev
I: Validating linux-libc-dev
I: Retrieving localepurge
I: Validating localepurge
I: Retrieving lsb-base
I: Validating lsb-base
I: Retrieving lxappearance
I: Validating lxappearance
I: Retrieving lxde-common
I: Validating lxde-common
I: Retrieving lxde-icon-theme
I: Validating lxde-icon-theme
I: Retrieving lxde
I: Validating lxde
I: Retrieving lxde-core
I: Validating lxde-core
I: Retrieving lxinput
I: Validating lxinput
I: Retrieving lxmenu-data
I: Validating lxmenu-data
I: Retrieving lxpanel
I: Validating lxpanel
I: Retrieving lxrandr
I: Validating lxrandr
I: Retrieving lxsession
I: Validating lxsession
I: Retrieving lxsession-edit
I: Validating lxsession-edit
I: Retrieving lxshortcut
I: Validating lxshortcut
I: Retrieving lxterminal
I: Validating lxterminal
I: Retrieving m4
I: Validating m4
I: Retrieving make
I: Validating make
I: Retrieving mawk
I: Validating mawk
I: Retrieving menu
I: Validating menu
I: Retrieving libmenu-cache1
I: Validating libmenu-cache1
I: Retrieving libgl1-mesa-dev
I: Validating libgl1-mesa-dev
I: Retrieving libgl1-mesa-dri
I: Validating libgl1-mesa-dri
I: Retrieving libgl1-mesa-glx
I: Validating libgl1-mesa-glx
I: Retrieving libglapi-mesa
I: Validating libglapi-mesa
I: Retrieving libglu1-mesa
I: Validating libglu1-mesa
I: Retrieving libglu1-mesa-dev
I: Validating libglu1-mesa-dev
I: Retrieving mesa-common-dev
I: Validating mesa-common-dev
I: Retrieving mime-support
I: Validating mime-support
I: Retrieving minicom
I: Validating minicom
I: Retrieving libmpc2
I: Validating libmpc2
I: Retrieving libmpfr4
I: Validating libmpfr4
I: Retrieving libmtdev1
I: Validating libmtdev1
I: Retrieving libncurses5
I: Validating libncurses5
I: Retrieving libncursesw5
I: Validating libncursesw5
I: Retrieving libtinfo5
I: Validating libtinfo5
I: Retrieving ncurses-base
I: Validating ncurses-base
I: Retrieving ncurses-bin
I: Validating ncurses-bin
I: Retrieving net-tools
I: Validating net-tools
I: Retrieving libnettle4
I: Validating libnettle4
I: Retrieving obconf
I: Validating obconf
I: Retrieving libobrender27
I: Validating libobrender27
I: Retrieving libobt0
I: Validating libobt0
I: Retrieving openbox
I: Validating openbox
I: Retrieving libopencv-core2.3
I: Validating libopencv-core2.3
I: Retrieving libopencv-imgproc2.3
I: Validating libopencv-imgproc2.3
I: Retrieving libopenexr-dev
I: Validating libopenexr-dev
I: Retrieving libopenexr6
I: Validating libopenexr6
I: Retrieving openexr
I: Validating openexr
I: Retrieving libopenjpeg2
I: Validating libopenjpeg2
I: Retrieving libldap-2.4-2
I: Validating libldap-2.4-2
I: Retrieving libssl-dev
I: Validating libssl-dev
I: Retrieving libssl1.0.0
I: Validating libssl1.0.0
I: Retrieving liborc-0.4-0
I: Validating liborc-0.4-0
I: Retrieving libp11-kit0
I: Validating libp11-kit0
I: Retrieving libpam-modules
I: Validating libpam-modules
I: Retrieving libpam-modules-bin
I: Validating libpam-modules-bin
I: Retrieving libpam-runtime
I: Validating libpam-runtime
I: Retrieving libpam0g
I: Validating libpam0g
I: Retrieving gir1.2-pango-1.0
I: Validating gir1.2-pango-1.0
I: Retrieving libpango1.0-0
I: Validating libpango1.0-0
I: Retrieving libpango1.0-dev
I: Validating libpango1.0-dev
I: Retrieving patch
I: Validating patch
I: Retrieving pcmanfm
I: Validating pcmanfm
I: Retrieving libpcre3
I: Validating libpcre3
I: Retrieving libpcre3-dev
I: Validating libpcre3-dev
I: Retrieving libpcrecpp0
I: Validating libpcrecpp0
I: Retrieving libpcsclite1
I: Validating libpcsclite1
I: Retrieving perl
I: Validating perl
I: Retrieving perl-base
I: Validating perl-base
I: Retrieving perl-modules
I: Validating perl-modules
I: Retrieving libpixman-1-0
I: Validating libpixman-1-0
I: Retrieving libpixman-1-dev
I: Validating libpixman-1-dev
I: Retrieving pkg-config
I: Validating pkg-config
I: Retrieving libpng++-dev
I: Validating libpng++-dev
I: Retrieving libpnglite-dev
I: Validating libpnglite-dev
I: Retrieving pngtools
I: Validating pngtools
I: Retrieving libpolkit-gobject-1-0
I: Validating libpolkit-gobject-1-0
I: Retrieving libpopt0
I: Validating libpopt0
I: Retrieving libportaudio2
I: Validating libportaudio2
I: Retrieving libprocps0
I: Validating libprocps0
I: Retrieving procps
I: Validating procps
I: Retrieving psmisc
I: Validating psmisc
I: Retrieving libpulse0
I: Validating libpulse0
I: Retrieving python-cairo
I: Validating python-cairo
I: Retrieving python-gi
I: Validating python-gi
I: Retrieving python-gobject
I: Validating python-gobject
I: Retrieving python-gobject-2
I: Validating python-gobject-2
I: Retrieving python-glade2
I: Validating python-glade2
I: Retrieving python-gtk2
I: Validating python-gtk2
I: Retrieving python
I: Validating python
I: Retrieving python-dev
I: Validating python-dev
I: Retrieving python-minimal
I: Validating python-minimal
I: Retrieving python-numpy
I: Validating python-numpy
I: Retrieving python-support
I: Validating python-support
I: Retrieving libpython2.7
I: Validating libpython2.7
I: Retrieving python2.7
I: Validating python2.7
I: Retrieving python2.7-dev
I: Validating python2.7-dev
I: Retrieving python2.7-minimal
I: Validating python2.7-minimal
I: Retrieving libreadline5
I: Validating libreadline5
I: Retrieving libreadline6
I: Validating libreadline6
I: Retrieving readline-common
I: Validating readline-common
I: Retrieving librtmp0
I: Validating librtmp0
I: Retrieving libschroedinger-1.0-0
I: Validating libschroedinger-1.0-0
I: Retrieving sed
I: Validating sed
I: Retrieving sensible-utils
I: Validating sensible-utils
I: Retrieving login
I: Validating login
I: Retrieving passwd
I: Validating passwd
I: Retrieving shared-mime-info
I: Validating shared-mime-info
I: Retrieving libslang2
I: Validating libslang2
I: Retrieving libspeex1
I: Validating libspeex1
I: Retrieving libsqlite3-0
I: Validating libsqlite3-0
I: Retrieving libstartup-notification0
I: Validating libstartup-notification0
I: Retrieving sudo
I: Validating sudo
I: Retrieving swig
I: Validating swig
I: Retrieving swig2.0
I: Validating swig2.0
I: Retrieving libsystemd-login0
I: Validating libsystemd-login0
I: Retrieving initscripts
I: Validating initscripts
I: Retrieving sysv-rc
I: Validating sysv-rc
I: Retrieving sysvinit
I: Validating sysvinit
I: Retrieving sysvinit-utils
I: Validating sysvinit-utils
I: Retrieving tar
I: Validating tar
I: Retrieving task-desktop
I: Validating task-desktop
I: Retrieving task-lxde-desktop
I: Validating task-lxde-desktop
I: Retrieving tasksel
I: Validating tasksel
I: Retrieving tasksel-data
I: Validating tasksel-data
I: Retrieving libwrap0
I: Validating libwrap0
I: Retrieving libtiff-tools
I: Validating libtiff-tools
I: Retrieving libtiff5
I: Validating libtiff5
I: Retrieving libtiff5-dev
I: Validating libtiff5-dev
I: Retrieving libtiffxx5
I: Validating libtiffxx5
I: Retrieving libtiff4
I: Validating libtiff4
I: Retrieving libts-0.0-0
I: Validating libts-0.0-0
I: Retrieving tsconf
I: Validating tsconf
I: Retrieving ttf-dejavu-core
I: Validating ttf-dejavu-core
I: Retrieving tzdata
I: Validating tzdata
I: Retrieving ucf
I: Validating ucf
I: Retrieving libudev0
I: Validating libudev0
I: Retrieving udev
I: Validating udev
I: Retrieving libunicap2
I: Validating libunicap2
I: Retrieving libunicap2-dev
I: Validating libunicap2-dev
I: Retrieving usbutils
I: Validating usbutils
I: Retrieving libustr-1.0-1
I: Validating libustr-1.0-1
I: Retrieving bsdutils
I: Validating bsdutils
I: Retrieving libblkid1
I: Validating libblkid1
I: Retrieving libmount1
I: Validating libmount1
I: Retrieving libuuid1
I: Validating libuuid1
I: Retrieving mount
I: Validating mount
I: Retrieving util-linux
I: Validating util-linux
I: Retrieving libv4l-0
I: Validating libv4l-0
I: Retrieving libv4l-dev
I: Validating libv4l-dev
I: Retrieving libv4lconvert0
I: Validating libv4lconvert0
I: Retrieving v4l-utils
I: Validating v4l-utils
I: Retrieving libvte-common
I: Validating libvte-common
I: Retrieving libvte9
I: Validating libvte9
I: Retrieving python-wicd
I: Validating python-wicd
I: Retrieving wicd
I: Validating wicd
I: Retrieving wicd-daemon
I: Validating wicd-daemon
I: Retrieving wicd-gtk
I: Validating wicd-gtk
I: Retrieving libiw30
I: Validating libiw30
I: Retrieving wireless-tools
I: Validating wireless-tools
I: Retrieving wpasupplicant
I: Validating wpasupplicant
I: Retrieving x11-apps
I: Validating x11-apps
I: Retrieving x11-session-utils
I: Validating x11-session-utils
I: Retrieving x11-utils
I: Validating x11-utils
I: Retrieving x11-xfs-utils
I: Validating x11-xfs-utils
I: Retrieving x11-xkb-utils
I: Validating x11-xkb-utils
I: Retrieving x11-xserver-utils
I: Validating x11-xserver-utils
I: Retrieving x11proto-bigreqs-dev
I: Validating x11proto-bigreqs-dev
I: Retrieving x11proto-composite-dev
I: Validating x11proto-composite-dev
I: Retrieving x11proto-core-dev
I: Validating x11proto-core-dev
I: Retrieving x11proto-damage-dev
I: Validating x11proto-damage-dev
I: Retrieving x11proto-dmx-dev
I: Validating x11proto-dmx-dev
I: Retrieving x11proto-dri2-dev
I: Validating x11proto-dri2-dev
I: Retrieving x11proto-fixes-dev
I: Validating x11proto-fixes-dev
I: Retrieving x11proto-fonts-dev
I: Validating x11proto-fonts-dev
I: Retrieving x11proto-gl-dev
I: Validating x11proto-gl-dev
I: Retrieving x11proto-input-dev
I: Validating x11proto-input-dev
I: Retrieving x11proto-kb-dev
I: Validating x11proto-kb-dev
I: Retrieving x11proto-randr-dev
I: Validating x11proto-randr-dev
I: Retrieving x11proto-record-dev
I: Validating x11proto-record-dev
I: Retrieving x11proto-render-dev
I: Validating x11proto-render-dev
I: Retrieving x11proto-resource-dev
I: Validating x11proto-resource-dev
I: Retrieving x11proto-scrnsaver-dev
I: Validating x11proto-scrnsaver-dev
I: Retrieving x11proto-video-dev
I: Validating x11proto-video-dev
I: Retrieving x11proto-xcmisc-dev
I: Validating x11proto-xcmisc-dev
I: Retrieving x11proto-xext-dev
I: Validating x11proto-xext-dev
I: Retrieving x11proto-xf86bigfont-dev
I: Validating x11proto-xf86bigfont-dev
I: Retrieving x11proto-xf86dga-dev
I: Validating x11proto-xf86dga-dev
I: Retrieving x11proto-xf86dri-dev
I: Validating x11proto-xf86dri-dev
I: Retrieving x11proto-xf86vidmode-dev
I: Validating x11proto-xf86vidmode-dev
I: Retrieving x11proto-xinerama-dev
I: Validating x11proto-xinerama-dev
I: Retrieving libx264-123
I: Validating libx264-123
I: Retrieving xarchiver
I: Validating xarchiver
I: Retrieving xauth
I: Validating xauth
I: Retrieving xbitmaps
I: Validating xbitmaps
I: Retrieving libxcb-util0
I: Validating libxcb-util0
I: Retrieving xfonts-100dpi
I: Validating xfonts-100dpi
I: Retrieving xfonts-75dpi
I: Validating xfonts-75dpi
I: Retrieving xfonts-base
I: Validating xfonts-base
I: Retrieving xfonts-encodings
I: Validating xfonts-encodings
I: Retrieving xfonts-scalable
I: Validating xfonts-scalable
I: Retrieving xfonts-utils
I: Validating xfonts-utils
I: Retrieving libxft-dev
I: Validating libxft-dev
I: Retrieving libxft2
I: Validating libxft2
I: Retrieving libxine-dev
I: Validating libxine-dev
I: Retrieving libxine1-bin
I: Validating libxine1-bin
I: Retrieving libxine1-ffmpeg
I: Validating libxine1-ffmpeg
I: Retrieving xinit
I: Validating xinit
I: Retrieving xkb-data
I: Validating xkb-data
I: Retrieving libxmlrpc-core-c3
I: Validating libxmlrpc-core-c3
I: Retrieving x11-common
I: Validating x11-common
I: Retrieving xorg
I: Validating xorg
I: Retrieving xorg-dev
I: Validating xorg-dev
I: Retrieving xserver-xorg
I: Validating xserver-xorg
I: Retrieving xserver-xorg-input-all
I: Validating xserver-xorg-input-all
I: Retrieving xserver-xorg-video-all
I: Validating xserver-xorg-video-all
I: Retrieving xorg-docs-core
I: Validating xorg-docs-core
I: Retrieving xserver-common
I: Validating xserver-common
I: Retrieving xserver-xorg-core
I: Validating xserver-xorg-core
I: Retrieving xserver-xorg-dev
I: Validating xserver-xorg-dev
I: Retrieving xorg-sgml-doctools
I: Validating xorg-sgml-doctools
I: Retrieving xserver-xorg-input-evdev
I: Validating xserver-xorg-input-evdev
I: Retrieving xserver-xorg-input-synaptics
I: Validating xserver-xorg-input-synaptics
I: Retrieving xserver-xorg-video-ati
I: Validating xserver-xorg-video-ati
I: Retrieving xserver-xorg-video-radeon
I: Validating xserver-xorg-video-radeon
I: Retrieving xserver-xorg-video-fbdev
I: Validating xserver-xorg-video-fbdev
I: Retrieving xserver-xorg-video-mach64
I: Validating xserver-xorg-video-mach64
I: Retrieving xserver-xorg-video-nouveau
I: Validating xserver-xorg-video-nouveau
I: Retrieving xserver-xorg-video-r128
I: Validating xserver-xorg-video-r128
I: Retrieving xserver-xorg-video-vesa
I: Validating xserver-xorg-video-vesa
I: Retrieving xterm
I: Validating xterm
I: Retrieving xtrans-dev
I: Validating xtrans-dev
I: Retrieving xutils-dev
I: Validating xutils-dev
I: Retrieving libxvidcore4
I: Validating libxvidcore4
I: Retrieving liblzma-dev
I: Validating liblzma-dev
I: Retrieving liblzma5
I: Validating liblzma5
I: Retrieving xz-utils
I: Validating xz-utils
I: Retrieving zlib1g
I: Validating zlib1g
I: Retrieving zlib1g-dev
I: Validating zlib1g-dev
I: Chosen extractor for .deb packages: dpkg-deb
I: Extracting libacl1...
I: Extracting libattr1...
I: Extracting base-files...
I: Extracting base-passwd...
I: Extracting bash...
I: Extracting libbz2-1.0...
I: Extracting coreutils...
I: Extracting dash...
I: Extracting libdb5.1...
I: Extracting debconf...
I: Extracting debconf-i18n...
I: Extracting debianutils...
I: Extracting diffutils...
I: Extracting dpkg...
I: Extracting e2fslibs...
I: Extracting e2fsprogs...
I: Extracting libcomerr2...
I: Extracting libss2...
I: Extracting libc-bin...
I: Extracting libc6...
I: Extracting multiarch-support...
I: Extracting findutils...
I: Extracting gcc-4.7-base...
I: Extracting libgcc1...
I: Extracting grep...
I: Extracting gzip...
I: Extracting hostname...
I: Extracting insserv...
I: Extracting liblocale-gettext-perl...
I: Extracting libselinux1...
I: Extracting libsemanage-common...
I: Extracting libsemanage1...
I: Extracting libsepol1...
I: Extracting libtext-charwidth-perl...
I: Extracting libtext-iconv-perl...
I: Extracting libtext-wrapi18n-perl...
I: Extracting lsb-base...
I: Extracting mawk...
I: Extracting libncurses5...
I: Extracting libtinfo5...
I: Extracting ncurses-base...
I: Extracting ncurses-bin...
I: Extracting libpam-modules...
I: Extracting libpam-modules-bin...
I: Extracting libpam-runtime...
I: Extracting libpam0g...
I: Extracting perl-base...
I: Extracting sed...
I: Extracting sensible-utils...
I: Extracting login...
I: Extracting passwd...
I: Extracting libslang2...
I: Extracting initscripts...
I: Extracting sysv-rc...
I: Extracting sysvinit...
I: Extracting sysvinit-utils...
I: Extracting tar...
I: Extracting tzdata...
I: Extracting libustr-1.0-1...
I: Extracting bsdutils...
I: Extracting libblkid1...
I: Extracting libmount1...
I: Extracting libuuid1...
I: Extracting mount...
I: Extracting util-linux...
I: Extracting liblzma5...
I: Extracting xz-utils...
I: Extracting zlib1g...
